#
# There is insufficient memory for the Java Runtime Environment to continue.
# Native memory allocation (malloc) failed to allocate 32744 bytes for ChunkPool::allocate
# Possible reasons:
#   The system is out of physical RAM or swap space
#   The process is running with CompressedOops enabled, and the Java Heap may be blocking the growth of the native heap
# Possible solutions:
#   Reduce memory load on the system
#   Increase physical memory or swap space
#   Check if swap backing store is full
#   Decrease Java heap size (-Xmx/-Xms)
#   Decrease number of Java threads
#   Decrease Java thread stack sizes (-Xss)
#   Set larger code cache with -XX:ReservedCodeCacheSize=
#   JVM is running with Unscaled Compressed Oops mode in which the Java heap is
#     placed in the first 4GB address space. The Java Heap base address is the
#     maximum limit for the native heap growth. Please use -XX:HeapBaseMinAddress
#     to set the Java Heap base and to place the Java Heap above 4GB virtual address.
# This output file may be truncated or incomplete.
#
#  Out of Memory Error (allocation.cpp:272), pid=10084, tid=0x00000000000006ac
#
# JRE version: OpenJDK Runtime Environment (8.0_242-b01) (build 1.8.0_242-release-1644-b01)
# Java VM: OpenJDK 64-Bit Server VM (25.242-b01 mixed mode windows-amd64 compressed oops)
# Failed to write core dump. Minidumps are not enabled by default on client versions of Windows
#

---------------  T H R E A D  ---------------

Current thread (0x00000000166d8800):  JavaThread "C1 CompilerThread1" daemon [_thread_in_native, id=1708, stack(0x0000000017710000,0x0000000017810000)]

Stack: [0x0000000017710000,0x0000000017810000]
[error occurred during error reporting (printing stack bounds), id 0xc0000005]

Native frames: (J=compiled Java code, j=interpreted, Vv=VM code, C=native code)


Current CompileTask:
C1:10136459 32623   !   3       sun.nio.cs.FastCharsetProvider::charsetForName (21 bytes)


---------------  P R O C E S S  ---------------

Java Threads: ( => current thread )
  0x000000001eb80800 JavaThread "Exec process Thread 26" [_thread_in_native, id=7520, stack(0x0000000040890000,0x0000000040990000)]
  0x000000001eb86800 JavaThread "Exec process Thread 25" [_thread_in_native, id=472, stack(0x0000000040790000,0x0000000040890000)]
  0x000000001eb85800 JavaThread "Exec process Thread 24" [_thread_in_native, id=7700, stack(0x0000000040690000,0x0000000040790000)]
  0x000000001eb83800 JavaThread "Cache worker for execution history cache (C:\Users\Gerardo\Desktop\Teachmates\android\.gradle\5.6.2\executionHistory)" [_thread_blocked, id=828, stack(0x0000000040590000,0x0000000040690000)]
  0x000000001eb82800 JavaThread "Execution worker for ':'" [_thread_blocked, id=9852, stack(0x0000000040490000,0x0000000040590000)]
  0x000000001eb85000 JavaThread "Cache worker for file content cache (C:\Users\Gerardo\Desktop\Teachmates\android\.gradle\5.6.2\fileContent)" [_thread_blocked, id=7980, stack(0x0000000040390000,0x0000000040490000)]
  0x000000001eb82000 JavaThread "Cache worker for Build Output Cleanup Cache (C:\Users\Gerardo\Desktop\Teachmates\android\.gradle\buildOutputCleanup)" [_thread_blocked, id=7824, stack(0x0000000040290000,0x0000000040390000)]
  0x000000001eb7c800 JavaThread "Build operations Thread 2" [_thread_blocked, id=10984, stack(0x0000000040190000,0x0000000040290000)]
  0x000000001eb7f000 JavaThread "Build operations" [_thread_blocked, id=3944, stack(0x0000000040090000,0x0000000040190000)]
  0x000000001eb7d800 JavaThread "Cache worker for cache directory md-rule (C:\Users\Gerardo\.gradle\caches\5.6.2\md-rule)" [_thread_blocked, id=4364, stack(0x000000003ff90000,0x0000000040090000)]
  0x000000001eb7f800 JavaThread "Cache worker for cache directory md-supplier (C:\Users\Gerardo\.gradle\caches\5.6.2\md-supplier)" [_thread_blocked, id=7808, stack(0x000000003fe90000,0x000000003ff90000)]
  0x000000001af9f000 JavaThread "Cache worker for file hash cache (C:\Users\Gerardo\Desktop\Teachmates\android\.gradle\5.6.2\fileHashes)" [_thread_blocked, id=900, stack(0x000000003fd90000,0x000000003fe90000)]
  0x000000001af9e000 JavaThread "Thread-167" [_thread_blocked, id=11032, stack(0x000000003fc90000,0x000000003fd90000)]
  0x000000001af9c800 JavaThread "Stdin handler" [_thread_blocked, id=6612, stack(0x000000003fb90000,0x000000003fc90000)]
  0x000000001af95000 JavaThread "Asynchronous log dispatcher for DefaultDaemonConnection: socket connection from /127.0.0.1:51829 to /127.0.0.1:63681" [_thread_blocked, id=8168, stack(0x000000003fa90000,0x000000003fb90000)]
  0x000000001af96800 JavaThread "Daemon worker Thread 8" [_thread_blocked, id=108, stack(0x000000003f990000,0x000000003fa90000)]
  0x000000001af9b000 JavaThread "Cancel handler" [_thread_blocked, id=10552, stack(0x000000003f890000,0x000000003f990000)]
  0x000000001af97800 JavaThread "Handler for socket connection from /127.0.0.1:51829 to /127.0.0.1:63681" [_thread_in_native, id=8176, stack(0x000000003f790000,0x000000003f890000)]
  0x000000001af92000 JavaThread "Daemon Thread 8" [_thread_blocked, id=6932, stack(0x000000003f690000,0x000000003f790000)]
  0x000000001bf84800 JavaThread "Cache worker for Java compile cache (C:\Users\Gerardo\.gradle\caches\5.6.2\javaCompile)" [_thread_blocked, id=4448, stack(0x0000000027620000,0x0000000027720000)]
  0x000000001bf83000 JavaThread "RMI TCP Accept-0" daemon [_thread_in_native, id=9540, stack(0x0000000027320000,0x0000000027420000)]
  0x000000001bf82000 JavaThread "RMI Scheduler(0)" daemon [_thread_blocked, id=3568, stack(0x0000000027020000,0x0000000027120000)]
  0x000000001af99000 JavaThread "Cache worker for file content cache (C:\Users\Gerardo\.gradle\caches\5.6.2\fileContent)" [_thread_blocked, id=8388, stack(0x0000000022980000,0x0000000022a80000)]
  0x000000001af91800 JavaThread "Memory manager" [_thread_blocked, id=6524, stack(0x0000000022880000,0x0000000022980000)]
  0x000000001af93800 JavaThread "Cache worker for execution history cache (C:\Users\Gerardo\.gradle\caches\5.6.2\executionHistory)" [_thread_blocked, id=2988, stack(0x000000001f280000,0x000000001f380000)]
  0x000000001a884800 JavaThread "Cache worker for journal cache (C:\Users\Gerardo\.gradle\caches\journal-1)" [_thread_blocked, id=5896, stack(0x000000001ba30000,0x000000001bb30000)]
  0x000000001a885800 JavaThread "File lock request listener" [_thread_in_native, id=8864, stack(0x000000001b930000,0x000000001ba30000)]
  0x0000000018fe7000 JavaThread "Cache worker for file hash cache (C:\Users\Gerardo\.gradle\caches\5.6.2\fileHashes)" [_thread_blocked, id=2792, stack(0x000000001b830000,0x000000001b930000)]
  0x0000000019519000 JavaThread "Daemon periodic checks" [_thread_blocked, id=9444, stack(0x0000000019e60000,0x0000000019f60000)]
  0x00000000194d2000 JavaThread "Incoming local TCP Connector on port 51829" [_thread_in_native, id=6544, stack(0x0000000019c20000,0x0000000019d20000)]
  0x0000000017a7c800 JavaThread "Daemon health stats" [_thread_blocked, id=2252, stack(0x00000000195e0000,0x00000000196e0000)]
  0x0000000016740800 JavaThread "Service Thread" daemon [_thread_blocked, id=9580, stack(0x0000000017810000,0x0000000017910000)]
=>0x00000000166d8800 JavaThread "C1 CompilerThread1" daemon [_thread_in_native, id=1708, stack(0x0000000017710000,0x0000000017810000)]
  0x00000000166d6800 JavaThread "C2 CompilerThread0" daemon [_thread_in_native, id=8436, stack(0x0000000017610000,0x0000000017710000)]
  0x00000000166d4000 JavaThread "Attach Listener" daemon [_thread_blocked, id=7156, stack(0x0000000017510000,0x0000000017610000)]
  0x00000000166d0800 JavaThread "Signal Dispatcher" daemon [_thread_blocked, id=2564, stack(0x0000000017410000,0x0000000017510000)]
  0x0000000002ac3800 JavaThread "Finalizer" daemon [_thread_blocked, id=8048, stack(0x0000000017310000,0x0000000017410000)]
  0x00000000166b7000 JavaThread "Reference Handler" daemon [_thread_blocked, id=7324, stack(0x0000000017210000,0x0000000017310000)]
  0x00000000029d3800 JavaThread "main" [_thread_blocked, id=7604, stack(0x0000000002bd0000,0x0000000002cd0000)]

Other Threads:
  0x0000000002ab9000 VMThread [stack: 0x0000000017110000,0x0000000017210000] [id=8812]
  0x0000000016746000 WatcherThread [stack: 0x0000000017910000,0x0000000017a10000] [id=9560]

VM state:not at safepoint (normal execution)

VM Mutex/Monitor currently owned by a thread: None

heap address: 0x00000000a0000000, size: 1536 MB, Compressed Oops mode: 32-bit
Narrow klass base: 0x0000000000000000, Narrow klass shift: 3
Compressed class space size: 1073741824 Address: 0x0000000100000000

Heap:
 PSYoungGen      total 414720K, used 76376K [0x00000000e0000000, 0x00000000fec80000, 0x0000000100000000)
  eden space 409088K, 17% used [0x00000000e0000000,0x00000000e4589848,0x00000000f8f80000)
  from space 5632K, 91% used [0x00000000f9f80000,0x00000000fa48ca88,0x00000000fa500000)
  to   space 47616K, 0% used [0x00000000fbe00000,0x00000000fbe00000,0x00000000fec80000)
 ParOldGen       total 254464K, used 54698K [0x00000000a0000000, 0x00000000af880000, 0x00000000e0000000)
  object space 254464K, 21% used [0x00000000a0000000,0x00000000a356aa70,0x00000000af880000)
 Metaspace       used 117598K, capacity 124174K, committed 124416K, reserved 1157120K
  class space    used 14641K, capacity 15926K, committed 16128K, reserved 1048576K

Card table byte_map: [0x0000000012560000,0x0000000012870000] byte_map_base: 0x0000000012060000

Marking Bits: (ParMarkBitMap*) 0x00000000773ff030
 Begin Bits: [0x0000000012a70000, 0x0000000014270000)
 End Bits:   [0x0000000014270000, 0x0000000015a70000)

Polling page: 0x0000000000c70000

CodeCache: size=245760Kb used=90424Kb max_used=90444Kb free=155335Kb
 bounds [0x00000000031a0000, 0x0000000008a70000, 0x00000000121a0000]
 total_blobs=26087 nmethods=25106 adapters=891
 compilation: enabled

Compilation events (10 events):
Event: 10130.315 Thread 0x00000000166d6800 32615       4       org.gradle.api.internal.artifacts.ivyservice.resolveengine.oldresult.TransientConfigurationResultsBuilder$4::write (44 bytes)
Event: 10130.317 Thread 0x00000000166d6800 nmethod 32615 0x0000000008a37150 code [0x0000000008a372e0, 0x0000000008a37530]
Event: 10130.317 Thread 0x00000000166d6800 32611       4       org.gradle.api.internal.artifacts.ivyservice.resolveengine.graph.builder.NodeState::visitOutgoingDependencies (259 bytes)
Event: 10130.321 Thread 0x00000000166d8800 32622       1       java.lang.ProcessEnvironment$CheckedEntrySet::access$100 (5 bytes)
Event: 10130.321 Thread 0x00000000166d8800 nmethod 32622 0x0000000008a03f10 code [0x0000000008a04060, 0x0000000008a04150]
Event: 10130.658 Thread 0x00000000166d6800 nmethod 32611 0x0000000008a56cd0 code [0x0000000008a57540, 0x0000000008a5d6e0]
Event: 10130.658 Thread 0x00000000166d6800 32596       4       org.gradle.api.internal.tasks.CachingTaskDependencyResolveContext$TaskGraphImpl$1::execute (12 bytes)
Event: 10130.677 Thread 0x00000000166d6800 nmethod 32596 0x0000000008a54b90 code [0x0000000008a54de0, 0x0000000008a55c50]
Event: 10136.457 Thread 0x00000000166d8800 32623   !   3       sun.nio.cs.FastCharsetProvider::charsetForName (21 bytes)
Event: 10136.457 Thread 0x00000000166d6800 32625       4       org.gradle.internal.logging.events.RenderableOutputEvent::<init> (15 bytes)

GC Heap History (10 events):
Event: 6182.465 GC heap before
{Heap before GC invocations=52 (full 6):
 PSYoungGen      total 469504K, used 426505K [0x00000000e0000000, 0x0000000100000000, 0x0000000100000000)
  eden space 418816K, 100% used [0x00000000e0000000,0x00000000f9900000,0x00000000f9900000)
  from space 50688K, 15% used [0x00000000f9900000,0x00000000fa0825a8,0x00000000fca80000)
  to   space 49664K, 0% used [0x00000000fcf80000,0x00000000fcf80000,0x0000000100000000)
 ParOldGen       total 254464K, used 84597K [0x00000000a0000000, 0x00000000af880000, 0x00000000e0000000)
  object space 254464K, 33% used [0x00000000a0000000,0x00000000a529d798,0x00000000af880000)
 Metaspace       used 116151K, capacity 122136K, committed 122368K, reserved 1155072K
  class space    used 14543K, capacity 15812K, committed 15872K, reserved 1048576K
Event: 6182.498 GC heap after
Heap after GC invocations=52 (full 6):
 PSYoungGen      total 471552K, used 1952K [0x00000000e0000000, 0x00000000ffe00000, 0x0000000100000000)
  eden space 423936K, 0% used [0x00000000e0000000,0x00000000e0000000,0x00000000f9e00000)
  from space 47616K, 4% used [0x00000000fcf80000,0x00000000fd168000,0x00000000ffe00000)
  to   space 49152K, 0% used [0x00000000f9e00000,0x00000000f9e00000,0x00000000fce00000)
 ParOldGen       total 254464K, used 87635K [0x00000000a0000000, 0x00000000af880000, 0x00000000e0000000)
  object space 254464K, 34% used [0x00000000a0000000,0x00000000a5594cf8,0x00000000af880000)
 Metaspace       used 116151K, capacity 122136K, committed 122368K, reserved 1155072K
  class space    used 14543K, capacity 15812K, committed 15872K, reserved 1048576K
}
Event: 6571.316 GC heap before
{Heap before GC invocations=53 (full 6):
 PSYoungGen      total 471552K, used 423336K [0x00000000e0000000, 0x00000000ffe00000, 0x0000000100000000)
  eden space 423936K, 99% used [0x00000000e0000000,0x00000000f9b820a8,0x00000000f9e00000)
  from space 47616K, 4% used [0x00000000fcf80000,0x00000000fd168000,0x00000000ffe00000)
  to   space 49152K, 0% used [0x00000000f9e00000,0x00000000f9e00000,0x00000000fce00000)
 ParOldGen       total 254464K, used 87635K [0x00000000a0000000, 0x00000000af880000, 0x00000000e0000000)
  object space 254464K, 34% used [0x00000000a0000000,0x00000000a5594cf8,0x00000000af880000)
 Metaspace       used 117205K, capacity 123866K, committed 124160K, reserved 1157120K
  class space    used 14660K, capacity 16021K, committed 16128K, reserved 1048576K
Event: 6571.416 GC heap after
Heap after GC invocations=53 (full 6):
 PSYoungGen      total 473088K, used 26005K [0x00000000e0000000, 0x0000000100000000, 0x0000000100000000)
  eden space 423936K, 0% used [0x00000000e0000000,0x00000000e0000000,0x00000000f9e00000)
  from space 49152K, 52% used [0x00000000f9e00000,0x00000000fb7654b0,0x00000000fce00000)
  to   space 49664K, 0% used [0x00000000fcf80000,0x00000000fcf80000,0x0000000100000000)
 ParOldGen       total 254464K, used 87887K [0x00000000a0000000, 0x00000000af880000, 0x00000000e0000000)
  object space 254464K, 34% used [0x00000000a0000000,0x00000000a55d3d28,0x00000000af880000)
 Metaspace       used 117205K, capacity 123866K, committed 124160K, reserved 1157120K
  class space    used 14660K, capacity 16021K, committed 16128K, reserved 1048576K
}
Event: 7383.823 GC heap before
{Heap before GC invocations=54 (full 6):
 PSYoungGen      total 473088K, used 152446K [0x00000000e0000000, 0x0000000100000000, 0x0000000100000000)
  eden space 423936K, 29% used [0x00000000e0000000,0x00000000e7b7a6d8,0x00000000f9e00000)
  from space 49152K, 52% used [0x00000000f9e00000,0x00000000fb7654b0,0x00000000fce00000)
  to   space 49664K, 0% used [0x00000000fcf80000,0x00000000fcf80000,0x0000000100000000)
 ParOldGen       total 254464K, used 87887K [0x00000000a0000000, 0x00000000af880000, 0x00000000e0000000)
  object space 254464K, 34% used [0x00000000a0000000,0x00000000a55d3d28,0x00000000af880000)
 Metaspace       used 117249K, capacity 123924K, committed 124160K, reserved 1157120K
  class space    used 14665K, capacity 16030K, committed 16128K, reserved 1048576K
Event: 7383.831 GC heap after
Heap after GC invocations=54 (full 6):
 PSYoungGen      total 475136K, used 722K [0x00000000e0000000, 0x0000000100000000, 0x0000000100000000)
  eden space 425472K, 0% used [0x00000000e0000000,0x00000000e0000000,0x00000000f9f80000)
  from space 49664K, 1% used [0x00000000fcf80000,0x00000000fd034a88,0x0000000100000000)
  to   space 49152K, 0% used [0x00000000f9f80000,0x00000000f9f80000,0x00000000fcf80000)
 ParOldGen       total 254464K, used 87895K [0x00000000a0000000, 0x00000000af880000, 0x00000000e0000000)
  object space 254464K, 34% used [0x00000000a0000000,0x00000000a55d5d28,0x00000000af880000)
 Metaspace       used 117249K, capacity 123924K, committed 124160K, reserved 1157120K
  class space    used 14665K, capacity 16030K, committed 16128K, reserved 1048576K
}
Event: 7383.831 GC heap before
{Heap before GC invocations=55 (full 7):
 PSYoungGen      total 475136K, used 722K [0x00000000e0000000, 0x0000000100000000, 0x0000000100000000)
  eden space 425472K, 0% used [0x00000000e0000000,0x00000000e0000000,0x00000000f9f80000)
  from space 49664K, 1% used [0x00000000fcf80000,0x00000000fd034a88,0x0000000100000000)
  to   space 49152K, 0% used [0x00000000f9f80000,0x00000000f9f80000,0x00000000fcf80000)
 ParOldGen       total 254464K, used 87895K [0x00000000a0000000, 0x00000000af880000, 0x00000000e0000000)
  object space 254464K, 34% used [0x00000000a0000000,0x00000000a55d5d28,0x00000000af880000)
 Metaspace       used 117249K, capacity 123924K, committed 124160K, reserved 1157120K
  class space    used 14665K, capacity 16030K, committed 16128K, reserved 1048576K
Event: 7384.704 GC heap after
Heap after GC invocations=55 (full 7):
 PSYoungGen      total 475136K, used 0K [0x00000000e0000000, 0x0000000100000000, 0x0000000100000000)
  eden space 425472K, 0% used [0x00000000e0000000,0x00000000e0000000,0x00000000f9f80000)
  from space 49664K, 0% used [0x00000000fcf80000,0x00000000fcf80000,0x0000000100000000)
  to   space 49152K, 0% used [0x00000000f9f80000,0x00000000f9f80000,0x00000000fcf80000)
 ParOldGen       total 254464K, used 54698K [0x00000000a0000000, 0x00000000af880000, 0x00000000e0000000)
  object space 254464K, 21% used [0x00000000a0000000,0x00000000a356aa70,0x00000000af880000)
 Metaspace       used 116701K, capacity 122804K, committed 124160K, reserved 1157120K
  class space    used 14559K, capacity 15773K, committed 16128K, reserved 1048576K
}
Event: 10128.179 GC heap before
{Heap before GC invocations=56 (full 7):
 PSYoungGen      total 475136K, used 425472K [0x00000000e0000000, 0x0000000100000000, 0x0000000100000000)
  eden space 425472K, 100% used [0x00000000e0000000,0x00000000f9f80000,0x00000000f9f80000)
  from space 49664K, 0% used [0x00000000fcf80000,0x00000000fcf80000,0x0000000100000000)
  to   space 49152K, 0% used [0x00000000f9f80000,0x00000000f9f80000,0x00000000fcf80000)
 ParOldGen       total 254464K, used 54698K [0x00000000a0000000, 0x00000000af880000, 0x00000000e0000000)
  object space 254464K, 21% used [0x00000000a0000000,0x00000000a356aa70,0x00000000af880000)
 Metaspace       used 117546K, capacity 124086K, committed 124416K, reserved 1157120K
  class space    used 14638K, capacity 15922K, committed 16128K, reserved 1048576K
Event: 10128.295 GC heap after
Heap after GC invocations=56 (full 7):
 PSYoungGen      total 414720K, used 5170K [0x00000000e0000000, 0x00000000fec80000, 0x0000000100000000)
  eden space 409088K, 0% used [0x00000000e0000000,0x00000000e0000000,0x00000000f8f80000)
  from space 5632K, 91% used [0x00000000f9f80000,0x00000000fa48ca88,0x00000000fa500000)
  to   space 47616K, 0% used [0x00000000fbe00000,0x00000000fbe00000,0x00000000fec80000)
 ParOldGen       total 254464K, used 54698K [0x00000000a0000000, 0x00000000af880000, 0x00000000e0000000)
  object space 254464K, 21% used [0x00000000a0000000,0x00000000a356aa70,0x00000000af880000)
 Metaspace       used 117546K, capacity 124086K, committed 124416K, reserved 1157120K
  class space    used 14638K, capacity 15922K, committed 16128K, reserved 1048576K
}

Deoptimization events (10 events):
Event: 9743.389 Thread 0x000000001eb83800 Uncommon trap: reason=class_check action=maybe_recompile pc=0x00000000033915e0 method=java.lang.String.equals(Ljava/lang/Object;)Z @ 8
Event: 9743.389 Thread 0x000000001eb83800 Uncommon trap: reason=class_check action=maybe_recompile pc=0x00000000033915e0 method=java.lang.String.equals(Ljava/lang/Object;)Z @ 8
Event: 9743.389 Thread 0x000000001eb83800 Uncommon trap: reason=class_check action=maybe_recompile pc=0x00000000033915e0 method=java.lang.String.equals(Ljava/lang/Object;)Z @ 8
Event: 9743.395 Thread 0x000000001eb83800 Uncommon trap: reason=unstable_if action=reinterpret pc=0x00000000057a1244 method=java.util.AbstractList.equals(Ljava/lang/Object;)Z @ 11
Event: 9743.402 Thread 0x000000001eb83800 Uncommon trap: reason=class_check action=maybe_recompile pc=0x00000000075949d0 method=java.lang.Integer.equals(Ljava/lang/Object;)Z @ 1
Event: 9743.405 Thread 0x000000001eb83800 Uncommon trap: reason=bimorphic action=maybe_recompile pc=0x00000000073e28c0 method=java.util.concurrent.CopyOnWriteArrayList.indexOf(Ljava/lang/Object;[Ljava/lang/Object;II)I @ 46
Event: 9743.405 Thread 0x000000001eb83800 Uncommon trap: reason=bimorphic action=maybe_recompile pc=0x00000000073e28c0 method=java.util.concurrent.CopyOnWriteArrayList.indexOf(Ljava/lang/Object;[Ljava/lang/Object;II)I @ 46
Event: 9743.405 Thread 0x000000001eb83800 Uncommon trap: reason=bimorphic action=maybe_recompile pc=0x00000000073e28c0 method=java.util.concurrent.CopyOnWriteArrayList.indexOf(Ljava/lang/Object;[Ljava/lang/Object;II)I @ 46
Event: 9743.405 Thread 0x000000001eb83800 Uncommon trap: reason=bimorphic action=maybe_recompile pc=0x00000000073e28c0 method=java.util.concurrent.CopyOnWriteArrayList.indexOf(Ljava/lang/Object;[Ljava/lang/Object;II)I @ 46
Event: 9743.508 Thread 0x000000001eb82800 Uncommon trap: reason=unstable_if action=reinterpret pc=0x0000000003951c80 method=org.gradle.internal.remote.internal.inet.SocketConnection$SocketOutputStream.write([BII)V @ 64

Classes redefined (0 events):
No events

Internal exceptions (10 events):
Event: 9743.349 Thread 0x000000001eb83800 Exception <a 'sun/nio/fs/WindowsException'> (0x00000000f7389f70) thrown at [C:\src\AOSP-openjdk-git\hotspot\src\share\vm\prims\jni.cpp, line 710]
Event: 9743.352 Thread 0x000000001eb83800 Exception <a 'sun/nio/fs/WindowsException'> (0x00000000f738bcb8) thrown at [C:\src\AOSP-openjdk-git\hotspot\src\share\vm\prims\jni.cpp, line 710]
Event: 9743.353 Thread 0x000000001eb83800 Exception <a 'sun/nio/fs/WindowsException'> (0x00000000f738d618) thrown at [C:\src\AOSP-openjdk-git\hotspot\src\share\vm\prims\jni.cpp, line 710]
Event: 9743.354 Thread 0x000000001eb83800 Exception <a 'sun/nio/fs/WindowsException'> (0x00000000f738ef08) thrown at [C:\src\AOSP-openjdk-git\hotspot\src\share\vm\prims\jni.cpp, line 710]
Event: 9743.364 Thread 0x000000001eb83800 Implicit null exception at 0x00000000051653c7 to 0x0000000005166d39
Event: 9743.502 Thread 0x000000001eb82800 Exception <a 'java/lang/NoSuchMethodError': <clinit>> (0x00000000f1620b18) thrown at [C:\src\AOSP-openjdk-git\hotspot\src\share\vm\prims\jni.cpp, line 1615]
Event: 9743.503 Thread 0x000000001eb82800 Exception <a 'java/lang/NoSuchMethodError': <clinit>> (0x00000000f1630498) thrown at [C:\src\AOSP-openjdk-git\hotspot\src\share\vm\prims\jni.cpp, line 1615]
Event: 9743.503 Thread 0x000000001eb82800 Exception <a 'java/lang/NoSuchMethodError': <clinit>> (0x00000000f1632948) thrown at [C:\src\AOSP-openjdk-git\hotspot\src\share\vm\prims\jni.cpp, line 1615]
Event: 9743.505 Thread 0x000000001eb82800 Exception <a 'java/lang/NoSuchMethodError': <clinit>> (0x00000000f1642a68) thrown at [C:\src\AOSP-openjdk-git\hotspot\src\share\vm\prims\jni.cpp, line 1615]
Event: 9743.505 Thread 0x000000001eb82800 Exception <a 'java/lang/NoSuchMethodError': <clinit>> (0x00000000f164de18) thrown at [C:\src\AOSP-openjdk-git\hotspot\src\share\vm\prims\jni.cpp, line 1615]

Events (10 events):
Event: 10129.432 loading class org/gradle/api/internal/artifacts/ivyservice/resolveengine/result/ComponentSelectionReasons$1 done
Event: 10129.896 Thread 0x000000001eb82800 Thread added: 0x000000001eb82800
Event: 10129.986 Executing VM operation: RevokeBias
Event: 10129.986 Executing VM operation: RevokeBias done
Event: 10129.986 Executing VM operation: RevokeBias
Event: 10129.986 Executing VM operation: RevokeBias done
Event: 10130.216 Thread 0x000000001eb83800 Thread added: 0x000000001eb83800
Event: 10130.297 Thread 0x000000001eb85800 Thread added: 0x000000001eb85800
Event: 10130.324 Thread 0x000000001eb86800 Thread added: 0x000000001eb86800
Event: 10130.324 Thread 0x000000001eb80800 Thread added: 0x000000001eb80800


Dynamic libraries:
0x00007ff7d5c90000 - 0x00007ff7d5cc1000 	C:\Program Files\Android\Android Studio\jre\bin\java.exe
0x00007ffed76c0000 - 0x00007ffed78ad000 	C:\windows\SYSTEM32\ntdll.dll
0x00007ffed5000000 - 0x00007ffed50b3000 	C:\windows\System32\KERNEL32.DLL
0x00007ffed3bb0000 - 0x00007ffed3e45000 	C:\windows\System32\KERNELBASE.dll
0x00007ffed4b40000 - 0x00007ffed4be3000 	C:\windows\System32\ADVAPI32.dll
0x00007ffed7460000 - 0x00007ffed74fe000 	C:\windows\System32\msvcrt.dll
0x00007ffed4f60000 - 0x00007ffed4ffe000 	C:\windows\System32\sechost.dll
0x00007ffed4e30000 - 0x00007ffed4f52000 	C:\windows\System32\RPCRT4.dll
0x00007ffed5db0000 - 0x00007ffed5f47000 	C:\windows\System32\USER32.dll
0x00007ffed48c0000 - 0x00007ffed48e0000 	C:\windows\System32\win32u.dll
0x00007ffed5730000 - 0x00007ffed5759000 	C:\windows\System32\GDI32.dll
0x00007ffed3fd0000 - 0x00007ffed4169000 	C:\windows\System32\gdi32full.dll
0x00007ffed3ab0000 - 0x00007ffed3b50000 	C:\windows\System32\msvcp_win.dll
0x00007ffed3e50000 - 0x00007ffed3f4a000 	C:\windows\System32\ucrtbase.dll
0x00007ffebd4f0000 - 0x00007ffebd769000 	C:\windows\WinSxS\amd64_microsoft.windows.common-controls_6595b64144ccf1df_6.0.17763.1217_none_de6e4304534e0ad3\COMCTL32.dll
0x00007ffed50c0000 - 0x00007ffed53ec000 	C:\windows\System32\combase.dll
0x00007ffed3f50000 - 0x00007ffed3fce000 	C:\windows\System32\bcryptPrimitives.dll
0x00007ffed5570000 - 0x00007ffed559e000 	C:\windows\System32\IMM32.DLL
0x00007ffed25c0000 - 0x00007ffed25c7000 	C:\windows\system32\ftloader.dll
0x00007ffed2330000 - 0x00007ffed23ca000 	C:\windows\SYSTEM32\ftapihook64.dll
0x00000000776b0000 - 0x0000000077782000 	C:\Program Files\Android\Android Studio\jre\jre\bin\msvcr100.dll
0x0000000076c30000 - 0x000000007747b000 	C:\Program Files\Android\Android Studio\jre\jre\bin\server\jvm.dll
0x00007ffed4e20000 - 0x00007ffed4e28000 	C:\windows\System32\PSAPI.DLL
0x00007ffed0080000 - 0x00007ffed0089000 	C:\windows\SYSTEM32\WSOCK32.dll
0x00007ffed03e0000 - 0x00007ffed0404000 	C:\windows\SYSTEM32\WINMM.dll
0x00007ffed57c0000 - 0x00007ffed582d000 	C:\windows\System32\WS2_32.dll
0x00007ffeca630000 - 0x00007ffeca63a000 	C:\windows\SYSTEM32\VERSION.dll
0x00007ffed03b0000 - 0x00007ffed03dd000 	C:\windows\SYSTEM32\WINMMBASE.dll
0x00007ffed3a60000 - 0x00007ffed3aaa000 	C:\windows\System32\cfgmgr32.dll
0x00007ffed0000000 - 0x00007ffed000f000 	C:\Program Files\Android\Android Studio\jre\jre\bin\verify.dll
0x00007ffeb1f90000 - 0x00007ffeb1fb9000 	C:\Program Files\Android\Android Studio\jre\jre\bin\java.dll
0x00007ffed1e70000 - 0x00007ffed1f0c000 	C:\windows\system32\uxtheme.dll
0x00007ffed2210000 - 0x00007ffed2298000 	C:\windows\system32\ftgenstub.dll
0x00007ffed2070000 - 0x00007ffed2092000 	C:\windows\system32\ftsmenu.dll
0x00007ffeb6410000 - 0x00007ffeb6426000 	C:\Program Files\Android\Android Studio\jre\jre\bin\zip.dll
0x00007ffed3730000 - 0x00007ffed3741000 	C:\windows\System32\kernel.appcore.dll
0x00007ffed58b0000 - 0x00007ffed5d26000 	C:\windows\System32\setupapi.dll
0x00007ffed3980000 - 0x00007ffed39a6000 	C:\windows\System32\bcrypt.dll
0x00007ffed5f60000 - 0x00007ffed7454000 	C:\windows\System32\SHELL32.dll
0x00007ffed5460000 - 0x00007ffed5508000 	C:\windows\System32\shcore.dll
0x00007ffed4170000 - 0x00007ffed48be000 	C:\windows\System32\windows.storage.dll
0x00007ffed3750000 - 0x00007ffed3774000 	C:\windows\System32\profapi.dll
0x00007ffed36d0000 - 0x00007ffed372d000 	C:\windows\System32\powrprof.dll
0x00007ffed53f0000 - 0x00007ffed5442000 	C:\windows\System32\shlwapi.dll
0x00007ffed3780000 - 0x00007ffed3797000 	C:\windows\System32\cryptsp.dll
0x00007ffeb1610000 - 0x00007ffeb162a000 	C:\Program Files\Android\Android Studio\jre\jre\bin\net.dll
0x00007ffed2ec0000 - 0x00007ffed2f27000 	C:\windows\system32\mswsock.dll
0x00007ffeb0300000 - 0x00007ffeb0313000 	C:\Program Files\Android\Android Studio\jre\jre\bin\nio.dll
0x00007ffeafe20000 - 0x00007ffeafe46000 	C:\Users\Gerardo\.gradle\native\30\windows-amd64\native-platform.dll
0x00007ffec9140000 - 0x00007ffec914d000 	C:\Program Files\Android\Android Studio\jre\jre\bin\management.dll
0x00007ffed2a40000 - 0x00007ffed2a73000 	C:\windows\system32\rsaenh.dll
0x00007ffed35b0000 - 0x00007ffed35d8000 	C:\windows\SYSTEM32\USERENV.dll
0x00007ffed3090000 - 0x00007ffed309c000 	C:\windows\SYSTEM32\CRYPTBASE.dll
0x00007ffed2be0000 - 0x00007ffed2c1d000 	C:\windows\SYSTEM32\IPHLPAPI.DLL
0x00007ffed5f50000 - 0x00007ffed5f58000 	C:\windows\System32\NSI.dll
0x00007ffecbfb0000 - 0x00007ffecbfc6000 	C:\windows\SYSTEM32\dhcpcsvc6.DLL
0x00007ffecbf70000 - 0x00007ffecbf8c000 	C:\windows\SYSTEM32\dhcpcsvc.DLL
0x00007ffed2c60000 - 0x00007ffed2d27000 	C:\windows\SYSTEM32\DNSAPI.dll
0x00007ffeb0030000 - 0x00007ffeb0054000 	C:\Program Files\Android\Android Studio\jre\jre\bin\sunec.dll
0x00007ffec9580000 - 0x00007ffec958a000 	C:\Windows\System32\rasadhlp.dll
0x00007ffecbfd0000 - 0x00007ffecc049000 	C:\windows\System32\fwpuclnt.dll
0x00007ffec9c10000 - 0x00007ffec9c1b000 	C:\Program Files\Android\Android Studio\jre\jre\bin\sunmscapi.dll
0x00007ffed37a0000 - 0x00007ffed397c000 	C:\windows\System32\CRYPT32.dll
0x00007ffed36b0000 - 0x00007ffed36c2000 	C:\windows\System32\MSASN1.dll
0x00007ffed1a70000 - 0x00007ffed1afc000 	C:\windows\system32\apphelp.dll
0x00007ffed00a0000 - 0x00007ffed00be000 	C:\Users\Gerardo\AppData\Local\Temp\native-platform5566262190120559907dir\native-platform.dll
0x00007ffed2720000 - 0x00007ffed2751000 	C:\windows\SYSTEM32\ntmarta.dll

VM Arguments:
jvm_args: -Xmx1536M -Dfile.encoding=windows-1252 -Duser.country=MX -Duser.language=es -Duser.variant 
java_command: org.gradle.launcher.daemon.bootstrap.GradleDaemon 5.6.2
java_class_path (initial): C:\Users\Gerardo\.gradle\wrapper\dists\gradle-5.6.2-all\9st6wgf78h16so49nn74lgtbb\gradle-5.6.2\lib\gradle-launcher-5.6.2.jar
Launcher Type: SUN_STANDARD

Environment Variables:
JAVA_HOME=C:\Program Files\Android\Android Studio\jre
CLASSPATH=C:\Users\Gerardo\Desktop\Teachmates\android\\gradle\wrapper\gradle-wrapper.jar
PATH=C:\windows\system32;C:\windows;C:\windows\System32\Wbem;C:\windows\System32\WindowsPowerShell\v1.0\;C:\windows\System32\OpenSSH\;C:\Program Files\Git\cmd;C:\flutter\bin;C:\Program Files\Java\java-se-8u41-ri\bin;C:\Program Files\Android\platform-tools;C:\Users\Gerardo\AppData\Local\Microsoft\WindowsApps;;C:\Users\Gerardo\AppData\Local\Programs\Microsoft VS Code\bin;C:\flutter\bin\mingit\cmd
USERNAME=Gerardo
OS=Windows_NT
PROCESSOR_IDENTIFIER=Intel64 Family 6 Model 85 Stepping 4, GenuineIntel



---------------  S Y S T E M  ---------------

OS: Windows 10.0 , 64 bit Build 17763 (10.0.17763.1158)

CPU:total 2 (initial active 2) (2 cores per cpu, 1 threads per core) family 6 model 85 stepping 4, cmov, cx8, fxsr, mmx, sse, sse2, sse3, ssse3, sse4.1, sse4.2, popcnt, avx, avx2, aes, clmul, erms, rtm, 3dnowpref, lzcnt, tsc, bmi1, bmi2, adx

Memory: 4k page, physical 8388148k(1061224k free), swap 10485160k(3088k free)

vm_info: OpenJDK 64-Bit Server VM (25.242-b01) for windows-amd64 JRE (1.8.0_242-release-1644-b01), built by "builder" with MS VC++ 10.0 (VS2010)

time: Fri Jun 05 19:09:34 2020
timezone: Hora de verano central (México)
elapsed time: 10136 seconds (0d 2h 48m 56s)

