#
# There is insufficient memory for the Java Runtime Environment to continue.
# Native memory allocation (malloc) failed to allocate 32744 bytes for ChunkPool::allocate
# Possible reasons:
#   The system is out of physical RAM or swap space
#   The process is running with CompressedOops enabled, and the Java Heap may be blocking the growth of the native heap
# Possible solutions:
#   Reduce memory load on the system
#   Increase physical memory or swap space
#   Check if swap backing store is full
#   Decrease Java heap size (-Xmx/-Xms)
#   Decrease number of Java threads
#   Decrease Java thread stack sizes (-Xss)
#   Set larger code cache with -XX:ReservedCodeCacheSize=
#   JVM is running with Unscaled Compressed Oops mode in which the Java heap is
#     placed in the first 4GB address space. The Java Heap base address is the
#     maximum limit for the native heap growth. Please use -XX:HeapBaseMinAddress
#     to set the Java Heap base and to place the Java Heap above 4GB virtual address.
# This output file may be truncated or incomplete.
#
#  Out of Memory Error (allocation.cpp:272), pid=10524, tid=0x0000000000000364
#
# JRE version: OpenJDK Runtime Environment (8.0_242-b01) (build 1.8.0_242-release-1644-b01)
# Java VM: OpenJDK 64-Bit Server VM (25.242-b01 mixed mode windows-amd64 compressed oops)
# Failed to write core dump. Minidumps are not enabled by default on client versions of Windows
#

---------------  T H R E A D  ---------------

Current thread (0x0000000017800800):  JavaThread "C1 CompilerThread1" daemon [_thread_in_native, id=868, stack(0x0000000018c90000,0x0000000018d90000)]

Stack: [0x0000000018c90000,0x0000000018d90000]
[error occurred during error reporting (printing stack bounds), id 0xc0000005]

Native frames: (J=compiled Java code, j=interpreted, Vv=VM code, C=native code)


Current CompileTask:
C1:  11310  957       3       org.gradle.internal.logging.text.AbstractLineChoppingStyledTextOutput$2::execute (73 bytes)


---------------  P R O C E S S  ---------------

Java Threads: ( => current thread )
  0x0000000019ad7000 JavaThread "Forward input" [_thread_blocked, id=3032, stack(0x000000001a1d0000,0x000000001a2d0000)]
  0x0000000019ad6000 JavaThread "DisconnectableInputStream source reader" daemon [_thread_in_native, id=6592, stack(0x000000001a0d0000,0x000000001a1d0000)]
  0x0000000019941000 JavaThread "pool-1-thread-1" [_thread_in_native, id=3396, stack(0x0000000019b90000,0x0000000019c90000)]
  0x000000001780c800 JavaThread "Service Thread" daemon [_thread_blocked, id=11160, stack(0x0000000018d90000,0x0000000018e90000)]
=>0x0000000017800800 JavaThread "C1 CompilerThread1" daemon [_thread_in_native, id=868, stack(0x0000000018c90000,0x0000000018d90000)]
  0x00000000177b5000 JavaThread "C2 CompilerThread0" daemon [_thread_in_vm, id=10000, stack(0x0000000018b90000,0x0000000018c90000)]
  0x00000000177b2800 JavaThread "Attach Listener" daemon [_thread_blocked, id=7256, stack(0x0000000018a90000,0x0000000018b90000)]
  0x00000000177af800 JavaThread "Signal Dispatcher" daemon [_thread_blocked, id=1736, stack(0x0000000018990000,0x0000000018a90000)]
  0x0000000002dc3800 JavaThread "Finalizer" daemon [_thread_blocked, id=6092, stack(0x0000000018590000,0x0000000018690000)]
  0x0000000017797000 JavaThread "Reference Handler" daemon [_thread_blocked, id=4480, stack(0x00000000183d0000,0x00000000184d0000)]
  0x0000000002cd2800 JavaThread "main" [_thread_in_Java, id=4744, stack(0x0000000002ad0000,0x0000000002bd0000)]

Other Threads:
  0x0000000017776800 VMThread [stack: 0x00000000180d0000,0x00000000181d0000] [id=1988]
  0x000000001780f800 WatcherThread [stack: 0x0000000018e90000,0x0000000018f90000] [id=10892]

VM state:not at safepoint (normal execution)

VM Mutex/Monitor currently owned by a thread: None

heap address: 0x0000000080000000, size: 2048 MB, Compressed Oops mode: 32-bit
Narrow klass base: 0x0000000000000000, Narrow klass shift: 3
Compressed class space size: 1073741824 Address: 0x0000000100000000

Heap:
 PSYoungGen      total 38400K, used 10529K [0x00000000d5580000, 0x00000000d8000000, 0x0000000100000000)
  eden space 33280K, 16% used [0x00000000d5580000,0x00000000d5afa608,0x00000000d7600000)
  from space 5120K, 96% used [0x00000000d7600000,0x00000000d7ace0c8,0x00000000d7b00000)
  to   space 5120K, 0% used [0x00000000d7b00000,0x00000000d7b00000,0x00000000d8000000)
 ParOldGen       total 87552K, used 8K [0x0000000080000000, 0x0000000085580000, 0x00000000d5580000)
  object space 87552K, 0% used [0x0000000080000000,0x0000000080002000,0x0000000085580000)
 Metaspace       used 10508K, capacity 10790K, committed 11008K, reserved 1058816K
  class space    used 1368K, capacity 1469K, committed 1536K, reserved 1048576K

Card table byte_map: [0x0000000012190000,0x00000000125a0000] byte_map_base: 0x0000000011d90000

Marking Bits: (ParMarkBitMap*) 0x00000000773ff030
 Begin Bits: [0x0000000012a50000, 0x0000000014a50000)
 End Bits:   [0x0000000014a50000, 0x0000000016a50000)

Polling page: 0x0000000000c00000

CodeCache: size=245760Kb used=3377Kb max_used=3377Kb free=242382Kb
 bounds [0x0000000002dd0000, 0x0000000003120000, 0x0000000011dd0000]
 total_blobs=1314 nmethods=956 adapters=272
 compilation: enabled

Compilation events (10 events):
Event: 11.297 Thread 0x0000000017800800 nmethod 952 0x000000000311bf90 code [0x000000000311c100, 0x000000000311c2d0]
Event: 11.297 Thread 0x0000000017800800  953       3       org.gradle.internal.logging.text.AbstractLineChoppingStyledTextOutput::access$402 (7 bytes)
Event: 11.297 Thread 0x0000000017800800 nmethod 953 0x000000000311c3d0 code [0x000000000311c520, 0x000000000311c670]
Event: 11.297 Thread 0x0000000017800800  954       3       org.gradle.internal.logging.text.AbstractLineChoppingStyledTextOutput$1::execute (9 bytes)
Event: 11.297 Thread 0x0000000017800800 nmethod 954 0x000000000311c710 code [0x000000000311c880, 0x000000000311cb08]
Event: 11.298 Thread 0x0000000017800800  955       3       org.gradle.internal.logging.text.AbstractLineChoppingStyledTextOutput::access$800 (4 bytes)
Event: 11.298 Thread 0x0000000017800800 nmethod 955 0x000000000311cbd0 code [0x000000000311cd20, 0x000000000311ce50]
Event: 11.298 Thread 0x0000000017800800  956       3       org.gradle.internal.logging.text.AbstractLineChoppingStyledTextOutput$2::execute (9 bytes)
Event: 11.298 Thread 0x0000000017800800 nmethod 956 0x000000000311ced0 code [0x000000000311d040, 0x000000000311d2a8]
Event: 11.298 Thread 0x0000000017800800  957       3       org.gradle.internal.logging.text.AbstractLineChoppingStyledTextOutput$2::execute (73 bytes)

GC Heap History (2 events):
Event: 1.812 GC heap before
{Heap before GC invocations=1 (full 0):
 PSYoungGen      total 38400K, used 33280K [0x00000000d5580000, 0x00000000d8000000, 0x0000000100000000)
  eden space 33280K, 100% used [0x00000000d5580000,0x00000000d7600000,0x00000000d7600000)
  from space 5120K, 0% used [0x00000000d7b00000,0x00000000d7b00000,0x00000000d8000000)
  to   space 5120K, 0% used [0x00000000d7600000,0x00000000d7600000,0x00000000d7b00000)
 ParOldGen       total 87552K, used 0K [0x0000000080000000, 0x0000000085580000, 0x00000000d5580000)
  object space 87552K, 0% used [0x0000000080000000,0x0000000080000000,0x0000000085580000)
 Metaspace       used 8947K, capacity 9226K, committed 9472K, reserved 1056768K
  class space    used 1170K, capacity 1265K, committed 1280K, reserved 1048576K
Event: 1.820 GC heap after
Heap after GC invocations=1 (full 0):
 PSYoungGen      total 38400K, used 4920K [0x00000000d5580000, 0x00000000d8000000, 0x0000000100000000)
  eden space 33280K, 0% used [0x00000000d5580000,0x00000000d5580000,0x00000000d7600000)
  from space 5120K, 96% used [0x00000000d7600000,0x00000000d7ace0c8,0x00000000d7b00000)
  to   space 5120K, 0% used [0x00000000d7b00000,0x00000000d7b00000,0x00000000d8000000)
 ParOldGen       total 87552K, used 8K [0x0000000080000000, 0x0000000085580000, 0x00000000d5580000)
  object space 87552K, 0% used [0x0000000080000000,0x0000000080002000,0x0000000085580000)
 Metaspace       used 8947K, capacity 9226K, committed 9472K, reserved 1056768K
  class space    used 1170K, capacity 1265K, committed 1280K, reserved 1048576K
}

Deoptimization events (7 events):
Event: 1.407 Thread 0x0000000002cd2800 Uncommon trap: reason=unstable_if action=reinterpret pc=0x0000000002f64dc0 method=java.util.regex.Matcher.reset()Ljava/util/regex/Matcher; @ 47
Event: 1.407 Thread 0x0000000002cd2800 Uncommon trap: reason=class_check action=maybe_recompile pc=0x0000000002f7018c method=java.util.regex.Matcher.match(II)Z @ 86
Event: 1.407 Thread 0x0000000002cd2800 Uncommon trap: reason=class_check action=maybe_recompile pc=0x0000000002f7018c method=java.util.regex.Matcher.match(II)Z @ 86
Event: 1.407 Thread 0x0000000002cd2800 Uncommon trap: reason=class_check action=maybe_recompile pc=0x0000000002f7018c method=java.util.regex.Matcher.match(II)Z @ 86
Event: 1.407 Thread 0x0000000002cd2800 Uncommon trap: reason=class_check action=maybe_recompile pc=0x0000000002f7018c method=java.util.regex.Matcher.match(II)Z @ 86
Event: 1.810 Thread 0x0000000002cd2800 Uncommon trap: reason=unstable_if action=reinterpret pc=0x000000000304fbd4 method=java.util.HashMap.getNode(ILjava/lang/Object;)Ljava/util/HashMap$Node; @ 129
Event: 1.810 Thread 0x0000000002cd2800 Uncommon trap: reason=bimorphic action=maybe_recompile pc=0x0000000003043134 method=java.util.HashMap.putVal(ILjava/lang/Object;Ljava/lang/Object;ZZ)Ljava/lang/Object; @ 203

Classes redefined (0 events):
No events

Internal exceptions (10 events):
Event: 1.604 Thread 0x0000000002cd2800 Exception <a 'java/lang/ArrayIndexOutOfBoundsException'> (0x00000000d6cbf068) thrown at [C:\src\AOSP-openjdk-git\hotspot\src\share\vm\runtime\sharedRuntime.cpp, line 605]
Event: 1.700 Thread 0x0000000002cd2800 Exception <a 'java/lang/ArrayIndexOutOfBoundsException'> (0x00000000d70fc7b8) thrown at [C:\src\AOSP-openjdk-git\hotspot\src\share\vm\runtime\sharedRuntime.cpp, line 605]
Event: 1.700 Thread 0x0000000002cd2800 Exception <a 'java/lang/ArrayIndexOutOfBoundsException'> (0x00000000d7100b18) thrown at [C:\src\AOSP-openjdk-git\hotspot\src\share\vm\runtime\sharedRuntime.cpp, line 605]
Event: 1.706 Thread 0x0000000002cd2800 Exception <a 'java/lang/ArrayIndexOutOfBoundsException'> (0x00000000d71639b8) thrown at [C:\src\AOSP-openjdk-git\hotspot\src\share\vm\runtime\sharedRuntime.cpp, line 605]
Event: 1.706 Thread 0x0000000002cd2800 Exception <a 'java/lang/ArrayIndexOutOfBoundsException'> (0x00000000d7164d80) thrown at [C:\src\AOSP-openjdk-git\hotspot\src\share\vm\runtime\sharedRuntime.cpp, line 605]
Event: 1.706 Thread 0x0000000002cd2800 Exception <a 'java/lang/ArrayIndexOutOfBoundsException'> (0x00000000d7165ea8) thrown at [C:\src\AOSP-openjdk-git\hotspot\src\share\vm\runtime\sharedRuntime.cpp, line 605]
Event: 1.707 Thread 0x0000000002cd2800 Exception <a 'java/lang/ArrayIndexOutOfBoundsException'> (0x00000000d71694b0) thrown at [C:\src\AOSP-openjdk-git\hotspot\src\share\vm\runtime\sharedRuntime.cpp, line 605]
Event: 1.707 Thread 0x0000000002cd2800 Exception <a 'java/lang/ArrayIndexOutOfBoundsException'> (0x00000000d716b3f8) thrown at [C:\src\AOSP-openjdk-git\hotspot\src\share\vm\runtime\sharedRuntime.cpp, line 605]
Event: 1.761 Thread 0x0000000002cd2800 Exception <a 'java/lang/NoSuchFieldError': method resolution failed> (0x00000000d7336aa0) thrown at [C:\src\AOSP-openjdk-git\hotspot\src\share\vm\prims\methodHandles.cpp, line 1167]
Event: 1.763 Thread 0x0000000002cd2800 Exception <a 'java/lang/NoSuchFieldError': method resolution failed> (0x00000000d7344530) thrown at [C:\src\AOSP-openjdk-git\hotspot\src\share\vm\prims\methodHandles.cpp, line 1167]

Events (10 events):
Event: 4.192 Executing VM operation: EnableBiasedLocking
Event: 4.192 Executing VM operation: EnableBiasedLocking done
Event: 11.245 loading class java/lang/Class$4
Event: 11.245 loading class java/lang/Class$4 done
Event: 11.245 loading class org/gradle/internal/logging/events/StyledTextOutputEvent$Span
Event: 11.245 loading class org/gradle/internal/logging/events/StyledTextOutputEvent$Span done
Event: 11.247 loading class org/gradle/internal/logging/events/operations/StyledTextBuildOperationProgressDetails$Span
Event: 11.247 loading class org/gradle/internal/logging/events/operations/StyledTextBuildOperationProgressDetails$Span done
Event: 11.288 loading class org/gradle/internal/logging/text/AbstractLineChoppingStyledTextOutput$StateContext
Event: 11.288 loading class org/gradle/internal/logging/text/AbstractLineChoppingStyledTextOutput$StateContext done


Dynamic libraries:
0x00007ff7d5c90000 - 0x00007ff7d5cc1000 	C:\Program Files\Android\Android Studio\jre\bin\java.exe
0x00007ffed76c0000 - 0x00007ffed78ad000 	C:\windows\SYSTEM32\ntdll.dll
0x00007ffed5000000 - 0x00007ffed50b3000 	C:\windows\System32\KERNEL32.DLL
0x00007ffed3bb0000 - 0x00007ffed3e45000 	C:\windows\System32\KERNELBASE.dll
0x00007ffed4b40000 - 0x00007ffed4be3000 	C:\windows\System32\ADVAPI32.dll
0x00007ffed7460000 - 0x00007ffed74fe000 	C:\windows\System32\msvcrt.dll
0x00007ffed4f60000 - 0x00007ffed4ffe000 	C:\windows\System32\sechost.dll
0x00007ffed4e30000 - 0x00007ffed4f52000 	C:\windows\System32\RPCRT4.dll
0x00007ffed5db0000 - 0x00007ffed5f47000 	C:\windows\System32\USER32.dll
0x00007ffed48c0000 - 0x00007ffed48e0000 	C:\windows\System32\win32u.dll
0x00007ffed5730000 - 0x00007ffed5759000 	C:\windows\System32\GDI32.dll
0x00007ffed3fd0000 - 0x00007ffed4169000 	C:\windows\System32\gdi32full.dll
0x00007ffed3ab0000 - 0x00007ffed3b50000 	C:\windows\System32\msvcp_win.dll
0x00007ffed3e50000 - 0x00007ffed3f4a000 	C:\windows\System32\ucrtbase.dll
0x00007ffebd4f0000 - 0x00007ffebd769000 	C:\windows\WinSxS\amd64_microsoft.windows.common-controls_6595b64144ccf1df_6.0.17763.1217_none_de6e4304534e0ad3\COMCTL32.dll
0x00007ffed50c0000 - 0x00007ffed53ec000 	C:\windows\System32\combase.dll
0x00007ffed3f50000 - 0x00007ffed3fce000 	C:\windows\System32\bcryptPrimitives.dll
0x00007ffed5570000 - 0x00007ffed559e000 	C:\windows\System32\IMM32.DLL
0x00000000776b0000 - 0x0000000077782000 	C:\Program Files\Android\Android Studio\jre\jre\bin\msvcr100.dll
0x00007ffed25c0000 - 0x00007ffed25c7000 	C:\windows\system32\ftloader.dll
0x0000000076c30000 - 0x000000007747b000 	C:\Program Files\Android\Android Studio\jre\jre\bin\server\jvm.dll
0x00007ffed4e20000 - 0x00007ffed4e28000 	C:\windows\System32\PSAPI.DLL
0x00007ffed0080000 - 0x00007ffed0089000 	C:\windows\SYSTEM32\WSOCK32.dll
0x00007ffed57c0000 - 0x00007ffed582d000 	C:\windows\System32\WS2_32.dll
0x00007ffed03e0000 - 0x00007ffed0404000 	C:\windows\SYSTEM32\WINMM.dll
0x00007ffeca630000 - 0x00007ffeca63a000 	C:\windows\SYSTEM32\VERSION.dll
0x00007ffed03b0000 - 0x00007ffed03dd000 	C:\windows\SYSTEM32\WINMMBASE.dll
0x00007ffed3a60000 - 0x00007ffed3aaa000 	C:\windows\System32\cfgmgr32.dll
0x00007ffed2330000 - 0x00007ffed23ca000 	C:\windows\SYSTEM32\ftapihook64.dll
0x00007ffed0000000 - 0x00007ffed000f000 	C:\Program Files\Android\Android Studio\jre\jre\bin\verify.dll
0x00007ffeb1f90000 - 0x00007ffeb1fb9000 	C:\Program Files\Android\Android Studio\jre\jre\bin\java.dll
0x00007ffeb6410000 - 0x00007ffeb6426000 	C:\Program Files\Android\Android Studio\jre\jre\bin\zip.dll
0x00007ffed1e70000 - 0x00007ffed1f0c000 	C:\windows\system32\uxtheme.dll
0x00007ffed5f60000 - 0x00007ffed7454000 	C:\windows\System32\SHELL32.dll
0x00007ffed5460000 - 0x00007ffed5508000 	C:\windows\System32\shcore.dll
0x00007ffed4170000 - 0x00007ffed48be000 	C:\windows\System32\windows.storage.dll
0x00007ffed3750000 - 0x00007ffed3774000 	C:\windows\System32\profapi.dll
0x00007ffed36d0000 - 0x00007ffed372d000 	C:\windows\System32\powrprof.dll
0x00007ffed53f0000 - 0x00007ffed5442000 	C:\windows\System32\shlwapi.dll
0x00007ffed3730000 - 0x00007ffed3741000 	C:\windows\System32\kernel.appcore.dll
0x00007ffed3780000 - 0x00007ffed3797000 	C:\windows\System32\cryptsp.dll
0x00007ffed2210000 - 0x00007ffed2298000 	C:\windows\system32\ftgenstub.dll
0x00007ffed2070000 - 0x00007ffed2092000 	C:\windows\system32\ftsmenu.dll
0x00007ffed58b0000 - 0x00007ffed5d26000 	C:\windows\System32\setupapi.dll
0x00007ffed3980000 - 0x00007ffed39a6000 	C:\windows\System32\bcrypt.dll
0x00007ffeb1610000 - 0x00007ffeb162a000 	C:\Program Files\Android\Android Studio\jre\jre\bin\net.dll
0x00007ffed2ec0000 - 0x00007ffed2f27000 	C:\windows\system32\mswsock.dll
0x00007ffeb0300000 - 0x00007ffeb0313000 	C:\Program Files\Android\Android Studio\jre\jre\bin\nio.dll
0x00007ffeafe20000 - 0x00007ffeafe46000 	C:\Users\Gerardo\.gradle\native\30\windows-amd64\native-platform.dll
0x00007ffec9140000 - 0x00007ffec914d000 	C:\Program Files\Android\Android Studio\jre\jre\bin\management.dll
0x00007ffed2a40000 - 0x00007ffed2a73000 	C:\windows\system32\rsaenh.dll
0x00007ffed35b0000 - 0x00007ffed35d8000 	C:\windows\SYSTEM32\USERENV.dll
0x00007ffed3090000 - 0x00007ffed309c000 	C:\windows\SYSTEM32\CRYPTBASE.dll
0x00007ffed2be0000 - 0x00007ffed2c1d000 	C:\windows\SYSTEM32\IPHLPAPI.DLL
0x00007ffed5f50000 - 0x00007ffed5f58000 	C:\windows\System32\NSI.dll
0x00007ffecbfb0000 - 0x00007ffecbfc6000 	C:\windows\SYSTEM32\dhcpcsvc6.DLL
0x00007ffecbf70000 - 0x00007ffecbf8c000 	C:\windows\SYSTEM32\dhcpcsvc.DLL
0x00007ffed2c60000 - 0x00007ffed2d27000 	C:\windows\SYSTEM32\DNSAPI.dll

VM Arguments:
jvm_args: -Dorg.gradle.appname=gradlew 
java_command: org.gradle.wrapper.GradleWrapperMain -q -Ptarget-platform=android-arm -Ptarget=C:\Users\Gerardo\Desktop\Teachmates\lib\main.dart -Ptrack-widget-creation=true -Pfilesystem-scheme=org-dartlang-root assembleDebug
java_class_path (initial): C:\Users\Gerardo\Desktop\Teachmates\android\\gradle\wrapper\gradle-wrapper.jar
Launcher Type: SUN_STANDARD

Environment Variables:
JAVA_HOME=C:\Program Files\Android\Android Studio\jre
CLASSPATH=C:\Users\Gerardo\Desktop\Teachmates\android\\gradle\wrapper\gradle-wrapper.jar
PATH=C:\windows\system32;C:\windows;C:\windows\System32\Wbem;C:\windows\System32\WindowsPowerShell\v1.0\;C:\windows\System32\OpenSSH\;C:\Program Files\Git\cmd;C:\flutter\bin;C:\Program Files\Java\java-se-8u41-ri\bin;C:\Program Files\Android\platform-tools;C:\Users\Gerardo\AppData\Local\Microsoft\WindowsApps;;C:\Users\Gerardo\AppData\Local\Programs\Microsoft VS Code\bin;C:\flutter\bin\mingit\cmd
USERNAME=Gerardo
OS=Windows_NT
PROCESSOR_IDENTIFIER=Intel64 Family 6 Model 85 Stepping 4, GenuineIntel



---------------  S Y S T E M  ---------------

OS: Windows 10.0 , 64 bit Build 17763 (10.0.17763.1158)

CPU:total 2 (initial active 2) (2 cores per cpu, 1 threads per core) family 6 model 85 stepping 4, cmov, cx8, fxsr, mmx, sse, sse2, sse3, ssse3, sse4.1, sse4.2, popcnt, avx, avx2, aes, clmul, erms, rtm, 3dnowpref, lzcnt, tsc, bmi1, bmi2, adx

Memory: 4k page, physical 8388148k(1053372k free), swap 10485160k(6364k free)

vm_info: OpenJDK 64-Bit Server VM (25.242-b01) for windows-amd64 JRE (1.8.0_242-release-1644-b01), built by "builder" with MS VC++ 10.0 (VS2010)

time: Fri Jun 05 19:09:35 2020
timezone: Hora de verano central (México)
elapsed time: 11 seconds (0d 0h 0m 11s)

